7 5
8 2
23 18
24 21
33 19
34 14
37 12
44 8
48 47
52 47
53 52
54 24
57 54
58 2
60 44
63 41
64 2
68 39
69 4
72 71
75 74
78 67
79 2
80 46
82 44
83 56
87 71
88 82
93 2
95 24
96 17
98 92
99 90
105 86
106 102
107 62
109 99
113 111
115 65
116 12
117 74
118 111
121 108
122 118
124 88
125 118
126 88
127 122
129 108
130 128
133 44
134 120
137 122
138 2
140 118
142 55
144 137
151 137
152 86
153 152
155 148
158 112
159 151
164 62
165 86
167 165
172 147
173 155
175 165
176 133
177 165
178 116
179 173
180 161
184 159
185 165
186 178
187 60
188 105
190 184
192 173
194 116
196 86
197 86
198 197
199 197
201 199
202 198
204 202
206 165
207 184
208 165
209 197
210 196
211 196
212 92
213 102
214 196
216 77
218 198
220 198
222 212
224 196
230 183
232 196
233 132
234 196
238 196
239 179
240 104
241 77
243 77
244 217
245 221
246 198
247 219
249 196
250 219
251 46
253 223
255 242
256 10
257 45
258 230
259 233
260 235
261 240
267 262
268 165
270 165
275 184
276 239
277 181
278 277
279 145
282 275
283 43
284 273
287 198
290 287
291 266
292 198
293 52
294 293
295 292
298 273
299 112
300 292
301 2
302 112
303 301
304 152
305 196
306 304
307 8
308 2
311 310
312 71
316 292
317 316
319 297
320 198
321 262
322 320
323 273
324 262
325 309
326 275
328 310
329 293
330 239
331 182
332 331
333 199
334 237
335 292
337 328
338 301
339 225
340 333
341 333
343 275
345 330
346 272
347 316
348 320
349 316
350 273
351 344
356 354
358 257
360 320
363 4
364 219
365 354
367 360
368 344
369 197
372 355
373 308
374 318
377 354
382 345
383 369
384 361
386 316
387 316
388 6
389 255
391 70
393 11
394 388
401 100
405 399
406 49
407 288
408 392
409 34
417 414
425 110
426 159
429 397
430 409
432 361
433 142
434 397
435 426
436 420
439 70
441 61
442 430
444 15
445 435
448 447
449 197
450 427
452 420
455 47
456 392
457 445
458 73
459 446
460 251
461 434
463 85
464 449
465 403
466 445
467 466
468 45
469 101
470 433
472 115
475 197
476 155
478 477
481 132
482 439
485 480
486 482
487 455
488 170
489 468
491 432
494 455
495 476
496 486
497 378
498 389
502 496
503 488
504 492
505 490
506 467
507 197
508 507
510 490
512 490
513 297
514 506
515 496
519 485
520 516
521 309
522 511
523 412
524 493
526 236
527 521
528 509
529 240
531 509
532 392
533 529
534 414
535 507
536 513
537 399
538 535
539 414
540 229
541 471
542 501
544 543
545 476
548 547
549 532
550 296
552 373
553 495
554 468
556 519
557 554
560 514
561 558
562 436
563 432
566 356
571 523
572 482
573 552
574 573
575 524
577 524
578 570
579 550
581 514
582 530
584 500
586 552
590 573
591 521
592 588
593 532
594 591
595 575
596 563
600 589
601 431
602 597
604 597
605 584
606 517
607 380
608 392
611 542
614 444
615 608
618 597
620 598
621 620
624 560
625 597
627 400
628 571
630 586
631 586
632 623
633 404
634 628
635 430
636 363
639 626
640 637
642 396
644 29
647 614
652 6
653 489
654 649
655 652
656 571
658 655
661 656
662 465
665 661
666 654
668 609
670 659
672 636
673 635
674 588
676 658
677 652
678 622
681 659
682 662
684 659
687 662
689 142
691 428
692 678
694 635
695 441
696 674
697 437
698 463
699 425
700 432
701 668
703 453
704 458
708 640
709 65
710 558
711 439
712 157
713 711
715 254
716 714
717 716
718 540
720 523
721 115
722 78
724 17
725 279
728 717
729 728
730 401
731 728
732 71
733 732
734 709
735 731
737 702
738 671
739 612
740 566
741 652
742 542
744 468
745 552
746 735
747 105
749 747
750 712
751 746
752 738
756 659
757 744
760 46
761 735
762 745
764 652
765 746
767 468
769 768
770 588
771 297
772 594
773 762
774 540
775 753
778 768
779 768
780 776
781 762
782 576
783 731
785 772
788 772
789 720
790 783
791 784
795 460
797 551
799 798
800 582
801 790
803 651
804 787
805 786
806 570
807 731
808 792
809 668
810 744
811 801
813 355
814 806
815 813
816 653
817 812
818 358
820 758
821 743
822 816
825 811
827 822
829 828
831 595
832 825
833 822
834 825
836 827
837 827
839 822
840 612
841 762
844 827
845 758
847 822
848 653
850 832
851 847
853 827
854 831
857 847
858 266
861 825
862 820
863 858
864 573
865 864
866 67
867 602
868 846
869 827
870 832
871 757
873 871
878 874
879 867
880 877
882 866
883 647
884 864
885 869
887 876
889 848
890 443
891 841
892 563
894 871
896 894
897 848
898 817
899 607
901 886
903 817
904 883
905 627
906 875
907 841
908 21
909 835
910 875
917 38
919 24
920 892
923 919
925 406
927 373
928 927
932 541
938 76
939 919
940 915
945 603
946 856
949 154
953 826
954 948
955 932
956 955
957 934
958 610
959 96
960 954
961 927
962 960
964 956
965 963
966 21
967 140
968 963
969 939
970 967
971 841
972 700
973 640
975 973
978 434
980 978
981 930
982 979
986 960
987 406
989 918
990 465
994 990
995 964
996 154
997 456
999 969
1000 970
1002 991
1003 507
1004 967
1005 1003
1006 704
1007 437
1008 970
1009 932
1014 1002
1016 179
1017 992
1018 165
1020 1019
1021 1010
1023 95
1025 673
1026 964
1027 83
1028 1012
1029 1012
1031 977
1033 1016
1035 1019
1036 346
1037 1035
1039 1028
1040 1034
1041 1018
1042 453
1043 816
1044 1025
1045 1004
1046 976
1047 1018
1048 705
1051 1027
1052 761
1054 1052
1055 369
1056 1047
1057 1055
1058 1035
1059 1035
1060 843
1061 843
1062 1036
1067 1014
1068 373
1070 1055
1071 358
1072 1035
1074 229
1075 573
1076 897
1077 1075
1078 1056
1079 1078
1081 1068
1082 1081
1083 990
1085 112
1086 1026
1088 795
1089 1074
1093 1068
1094 1028
1096 856
1097 77
1099 1074
1100 1056
1101 1014
1102 1045
1104 416
1105 1078
1106 1078
1107 912
1108 1094
1109 546
1110 1087
1111 286
1113 972
1114 1111
1116 770
1117 1068
1119 3
1126 805
1129 1123
1130 1102
1132 1113
1133 939
1134 595
1138 1124
1139 1136
1141 1116
1142 1043
1143 912
1144 1081
1147 1144
1150 1132
1153 1134
1154 807
1155 272
1157 1155
1159 1075
1162 1158
1163 1161
1164 1086
1165 1103
1167 884
1168 1119
1169 1088
1171 1170
1172 632
1173 846
1174 976
1175 1047
1178 1167
1180 873
1181 947
1182 1178
1183 1033
1185 1159
1187 1052
1188 1184
1189 1185
1190 78
1192 1167
1193 843
1196 1023
1198 1115
1199 1140
1200 1036
1201 1183
1203 1167
1204 843
1205 1196
1206 1154
1208 595
1209 1198
1210 939
1212 1064
1213 1118
1215 1014
1217 895
1219 1176
1221 1169
1222 747
1223 846
1224 345
1225 1034
1226 1207
1227 977
1228 1198
1229 1178
1230 1152
1231 959
1232 1217
1233 1148
1234 1045
1236 1184
1237 748
1238 1236
1239 1155
1240 1155
1242 988
1243 912
1244 1153
1248 1167
1249 1234
1251 1145
1252 1251
1253 1174
1254 1094
1255 1229
1256 612
1257 942
1258 1178
1260 78
1261 1168
1262 899
1265 1178
1266 1263
1267 1245
1269 950
1270 1132
1271 882
1272 1224
1273 352
1274 1254
1276 1111
1277 1247
1278 1180
1279 286
1280 1276
1282 817
1284 1158
1286 1158
1287 1283
1288 1268
1289 1213
1290 1180
1291 1283
1292 1230
1294 1265
1295 1208
1296 1265
1297 440
1300 1292
1301 1282
1304 1133
1306 587
1310 252
1311 1158
1312 118
1317 1125
1318 1244
1319 1089
1322 999
1323 1202
1327 1304
1328 1282
1329 1231
1330 1282
1331 1282
1332 1194
1333 1308
1334 1194
1335 1215
1337 1315
1342 1341
1345 915
1349 893
1350 1265
1351 1265
1354 1124
1355 966
1360 149
1361 1257
1362 1258
1363 1094
1364 1347
1365 1364
1366 939
1367 1174
1369 950
1370 739
1372 1113
1375 1338
1378 1156
1381 1371
1383 552
1384 1383
1385 1364
1387 363
1390 1385
1392 1390
1393 1339
1396 1390
1401 1390
1406 266
1407 1366
1408 1398
1409 1371
1410 921
1411 1390
1413 29
1414 29
1416 1385
1417 1257
1419 1065
1420 576
1421 5
1422 1285
1423 1415
1425 493
1426 1415
1428 77
1429 966
1430 1420
1434 1407
1435 1417
1437 1347
1438 1007
1439 1430
1440 1432
1442 996
1443 389
1445 1437
1446 1437
1447 1434
1448 49
1449 358
1451 1339
1452 1409
1455 1428
1457 691
1459 1244
1464 1210
1466 762
1467 704
1468 1343
1469 148
1471 1455
1472 1198
1473 1418
1477 866
1480 1472
1483 1477
1484 1276
1485 1464
1487 1486
1488 95
1490 1440
1491 562
1493 1491
1494 1469
1496 1480
1498 434
1499 108
1500 601
1504 1497
1505 1498
1506 137
1508 1507
1509 1389
1510 655
1511 1256
1512 1484
1513 1455
1514 77
1515 786
1518 1064
1520 1471
1521 1506
1522 1506
1523 1513
1524 1484
1525 1446
1526 1462
1528 1527
1529 973
1530 869
1531 709
1532 1272
1534 1506
1536 1272
1538 345
1539 1506
1541 651
1542 1539
1543 1539
1544 1538
1545 1514
1547 1421
1548 78
1549 1532
1550 198
1551 1474
1552 1198
1553 1383
1554 1513
1556 454
1557 1426
1559 205
1561 1535
1562 1443
1563 1553
1564 1563
1565 416
1566 1370
1567 1478
1568 1427
1569 1425
1570 310
1571 1570
1572 1511
1573 651
1574 1525
1575 1527
1576 1551
1581 314
1583 1548
1584 1548
1585 1218
1586 1579
1589 1515
1591 606
1592 1459
1593 1590
1594 1532
1596 1535
1597 1555
1598 1563
1599 135
1601 1249
1602 453
1604 1558
1605 739
1606 1553
1609 1557
1612 1366
1615 945
1617 1590
1618 1590
1619 1563
1620 1151
1621 1563
1624 1570
1625 1553
1627 1567
1629 1570
1630 145
1631 1601
1632 1158
1633 1620
1634 1548
1636 91
1637 1632
1638 1497
1640 1425
1641 1610
1643 1374
1645 1585
1646 1515
1647 1640
1648 1504
1649 1605
1652 1489
1654 570
1655 1468
1656 1611
1657 869
1659 1658
1661 1592
1663 1530
1664 1623
1668 1613
1669 1550
1672 1660
1674 1048
1675 1667
1676 1570
1677 1673
1678 1551
1679 1673
1680 1507
1682 1462
1685 1684
1686 1683
1687 1684
1688 1684
1689 1678
1690 1575
1692 1690
1693 1615
1694 1668
1696 1169
1698 1488
1699 1590
1700 1663
1702 1673
1704 1550
1705 703
1706 1704
1707 1497
1709 1210
1710 1705
1711 1681
1712 1647
1713 1589
1716 1383
1717 800
1718 1660
1719 1690
1721 1714
1722 1693
1723 1715
1724 1668
1725 1596
1726 1014
1727 379
1728 155
1731 1703
1732 1649
1733 1717
1735 1588
1737 1590
1738 1674
1739 1634
1740 1693
1741 1716
1742 1597
1743 1069
1744 1741
1747 947
1748 1246
1749 1729
1750 1292
1751 1612
1753 1366
1756 1716
1760 1622
1761 612
1762 1750
1763 1646
1764 1751
1766 376
1767 1741
1768 1682
1769 1681
1770 1716
1771 1769
1772 1748
1776 1751
1777 1253
1778 1755
1779 1546
1780 4
1782 1754
1784 1387
1785 1716
1788 1266
1789 1770
1790 352
1791 1786
1793 1766
1796 1776
1797 1367
1798 1075
1799 1798
1800 1793
1802 1792
1803 1712
1804 1748
1805 1532
1806 1612
1807 1793
1809 1469
1811 1795
1814 1795
1815 1810
1816 1092
1818 1800
1819 1783
1821 1770
1823 1805
1824 1732
1825 376
1826 540
1829 1805
1830 1788
1831 1776
1832 1602
1835 1632
1836 1213
1839 1704
1841 1839
1843 1349
1844 1766
1847 1355
1849 817
1853 1770
1854 1853
1855 1461
1856 1623
1857 1601
1858 1253
1859 1849
1863 1833
1864 1649
1865 1807
1868 1615
1871 519
1872 1386
1873 1671
1876 1448
1877 831
1878 919
1879 1671
1880 1554
1881 1337
1882 1829
1883 1827
1884 1682
1885 1751
1886 1865
1887 1257
1889 7
1890 1877
1893 1874
1894 1875
1895 77
1896 1367
1898 4
1900 498
1901 1403
1903 559
1905 1887
1906 1878
1909 1787
1910 1904
1913 1839
1914 994
1915 149
1916 1909
1917 660
1919 1025
1920 1779
1921 1905
1922 1898
1923 1598
1924 1919
1925 1923
1926 1413
1928 1652
1931 1884
1933 743
1934 1895
1935 1890
1937 1429
1938 1529
1939 1933
1941 1906
1942 1559
1944 1905
1945 1917
1947 1929
1949 1821
1951 996
1952 1705
1953 45
1954 1387
1956 1448
1957 1906
1958 488
1961 1591
1964 1919
1965 401
1969 1573
1970 1964
1972 1890
1973 1446
1975 1467
1976 1909
1977 1976
1979 1978
1980 709
1983 1882
1984 1490
1989 1816
1990 166
1991 979
1992 1991
1993 1027
1994 1864
1997 1871
1998 992
1999 95
2000 1831
2002 1995
2003 2000
2006 1980
2008 1691
2009 1983
2010 1475
2013 1973
2014 1993
2017 1950
2020 1311
2022 1725
2023 2021
2026 1993
2028 50
2029 2011
2030 1973
2031 1978
2033 598
2034 1978
2035 2032
2036 1864
2038 1449
2039 2025
2042 2033
2043 1972
2044 2033
2045 1966
2046 1155
2047 1654
2049 1638
2051 2020
2054 2052
2057 483
2058 2056
2059 139
2060 2048
2062 1958
2063 2044
2065 1282
2066 2063
2068 1973
2071 2065
2073 1587
2074 1951
2076 2055
2077 1894
2078 2064
2079 1558
2080 2062
2082 2081
2085 1530
2086 2056
2088 2086
2090 1958
2091 2049
2092 2072
2096 1888
2097 2083
2098 942
2099 1997
2100 2055
2102 1983
2103 1484
2104 2033
2105 2103
2107 2086
2109 2063
2110 2109
2111 2094
2112 1615
2113 1627
2116 1311
2117 2101
2119 2005
2121 2047
2125 2114
2126 2101
2127 2064
2128 1903
2129 2120
2131 1874
2132 2075
2133 2129
2134 2130
2135 2073
2136 2000
2137 2047
2139 2105
2140 279
2141 1693
2142 2084
2143 1898
2144 1654
2145 1032
2146 229
2147 2144
2149 1066
2150 2144
2151 2136
2152 2109
2153 2036
2154 2048
2157 599
2158 2008
2160 2158
2162 1563
2163 2158
2165 2158
2166 2158
2168 2011
2169 2070
2170 2015
2171 2043
2172 2168
2173 747
2174 2173
2176 1383
2177 2176
2178 530
2179 2152
2180 318
2181 2161
2182 2172
2184 1033
2185 2130
2187 1952
2191 2038
2192 2152
2193 1684
2194 1978
2195 2176
2196 2192
2197 2195
2198 1684
2199 1320
2200 2022
2201 2157
2202 1115
2204 1709
2205 1145
2206 2184
2207 2055
2208 2145
2209 1978
2214 78
2216 2141
2219 2178
2220 1217
2221 2217
2222 2181
2223 2162
2225 2138
2226 2182
2227 2145
2228 2216
2229 612
2230 1673
2231 2056
2233 1084
2234 2231
2236 466
2238 2206
2239 2162
2240 2237
2241 1612
2242 2238
2243 2121
2244 2238
2247 1362
2248 1311
2250 2248
2251 1959
2253 2162
2255 2162
2256 2238
2257 2121
2259 1729
2260 1273
2261 2048
2262 2247
2263 2220
2264 2238
2266 1654
2267 2233
2270 2162
2273 2169
2274 2273
2276 2257
2279 1873
2281 2169
2282 2199
2283 2281
2286 1831
2287 2144
2288 2285
2289 916
2290 2105
2293 2203
2294 2231
2296 2281
2298 2103
2299 2290
2300 2286
2301 2105
2302 2247
2305 2302
2306 2156
2307 2290
2309 2286
2310 2144
2311 1761
2312 2259
2313 1840
2314 2114
2315 2287
2316 2081
2317 2279
2318 2257
2319 2224
2321 2312
2324 2315
2325 612
2326 1355
2327 2184
2328 971
2329 1954
2330 2328
2332 1898
2333 2138
2334 647
2338 1367
2339 2289
2340 2332
2341 625
2342 1878
2344 1876
2345 2339
2346 1903
2349 362
2353 1260
2358 2122
2359 2190
2362 2334
2364 1649
2365 644
2366 2338
2367 2365
2368 2342
2370 2011
2371 2361
2372 1872
2374 1413
2375 193
2376 402
2377 2369
2380 2370
2381 689
2385 2010
2386 2362
2387 2378
2393 2389
2394 109
2395 361
2397 2343
2398 2378
2400 2380
2401 2395
2402 1355
2403 1788
2406 2394
2407 2368
2408 1244
2409 1019
2410 2409
2411 17
2413 2405
2414 1446
2416 2395
2418 1930
2419 2225
2420 1684
2423 47
2424 2423
2426 2425
2427 1630
2428 1965
2429 1956
2430 1953
2431 2328
2432 2415
2433 149
2434 2414
2435 1919
2436 2424
2437 2214
2439 2407
2441 2435
2442 2432
2443 2440
2444 17
2445 2437
2446 562
2447 2446
2448 56
2451 1033
2454 1511
2455 1989
2456 1960
2457 2452
2458 61
2459 2458
2460 481
2461 2451
2462 2328
2464 1975
2466 2434
2467 1169
2468 2388
2470 1968
2472 2400
2473 2409
2474 2473
2476 2188
2478 2452
2479 2448
2480 2472
2481 2361
2482 1370
2484 2462
2485 2428
2486 2475
2487 2484
2488 2486
2489 477
2490 456
2491 2482
2492 2363
2493 1903
2494 1580
2495 2225
2497 1276
2498 2484
2499 2451
2503 2079
2505 2473
2506 2505
2507 1141
2509 2497
2512 2442
2514 2477
2516 2511
2518 2146
2521 2479
2522 411
2524 2202
2525 2462
2528 2442
2529 2522
2530 2451
2532 1169
2533 2015
2535 2472
2537 2536
2538 2428
2540 2500
2541 2479
2542 2478
2543 2462
2544 2484
2545 2517
2547 2544
2551 2508
2553 2545
2554 2418
2555 1605
2560 2451
2561 540
2563 2002
2565 655
2566 2437
2567 2523
2568 1991
2569 2524
2573 2563
2574 2569
2575 2568
2577 2576
2578 2560
2579 1951
2580 2492
2582 2308
2583 1074
2585 1155
2586 2581
2587 1792
2588 2505
2589 1311
2590 2534
2591 2445
2595 2589
2596 2412
2597 2561
2598 1304
2600 2599
2601 2534
2604 2141
2605 2569
2607 854
2610 2606
2611 1902
2612 2339
2613 2079
2617 2319
2618 2227
2619 434
2620 2619
2622 2563
2623 1954
2624 2583
2625 2518
2626 2476
2627 1699
2628 2627
2630 2617
2631 2482
2633 2555
2634 1134
2635 2482
2636 2604
2637 2627
2639 2271
2641 2495
2642 2533
2643 2631
2645 1816
2646 2400
2647 1271
2648 1971
2650 1671
2651 2634
2653 2205
2655 2617
2657 2639
2659 869
2660 2510
2661 2611
2662 2609
2663 1563
2664 2618
2665 584
2666 2094
2667 2536
2668 1695
2669 2667
2670 2583
2671 1665
2672 2659
2673 2654
2674 2593
2675 2418
2677 489
2679 2555
2680 2327
2682 2638
2683 2663
2684 2224
2685 2317
2686 2675
2687 2683
2688 1715
2689 2585
2691 2676
2692 2676
2695 2678
2696 2678
2697 1155
2698 2602
2699 1511
2700 2627
2701 2596
2702 2636
2703 841
2704 2698
2705 2312
2706 2648
2707 2048
2708 2663
2709 2505
2710 2709
2711 2697
2712 2694
2714 2388
2715 2565
2716 2683
2717 1367
2718 1705
2719 2718
2720 2557
2722 2497
2723 2558
2725 2533
2726 2707
2728 155
2729 2356
2730 2583
2735 2733
2736 2663
2738 2337
2739 2531
2740 1790
2741 2682
2742 2568
2743 2742
2744 2649
2745 2676
2746 677
2748 2623
2749 2736
2750 2736
2751 2742
2752 2742
2753 2671
2754 2746
2756 2237
2757 2756
2758 2671
2760 2629
2761 363
2762 2739
2763 2679
2764 2286
2766 1213
2768 2709
2769 2765
2770 373
2771 2683
2773 2650
2774 2760
2775 2770
2777 2682
2778 2775
2780 2570
2781 2018
2782 2705
2783 2727
2784 1292
2785 368
2786 1878
2789 2775
2790 2775
2791 2727
2792 2727
2793 2766
2794 2676
2796 2788
2797 266
2798 2760
2799 2145
2800 2773
2802 2767
2804 2727
2805 2799
2806 2746
2807 1355
2809 1383
2810 2809
2811 559
2812 1469
2813 2763
2814 2773
2817 2161
2821 1878
2823 552
2824 2369
2825 2823
2826 2334
2827 2634
2828 2344
2830 2615
2831 2805
2832 2717
2833 576
2834 2771
2835 2775
2836 2363
2837 2835
2838 2837
2840 2766
2841 2713
2842 2827
2843 2835
2844 2458
2846 2837
2847 2837
2848 2831
2849 2056
2850 2775
2851 2362
2853 1414
2854 2365
2855 939
2857 1558
2858 2477
2861 2180
2862 2376
2864 2856
2865 2376
2866 2472
2867 390
2868 932
2869 2694
2870 2833
2871 1900
2872 2851
2873 2843
2875 2867
2877 1548
2878 2453
2879 2747
2881 2866
2882 2881
2883 2490
2884 1937
2885 2870
2886 2867
2889 2855
2892 2831
2893 2891
2894 2866
2895 881
2897 2883
2898 435
2899 1448
2900 2148
2901 2477
2902 2895
2903 1953
2904 2896
2906 2858
2907 2896
2908 108
2909 2907
2912 2526
2913 2458
2916 1144
2917 1601
2918 973
2920 1329
2921 2917
2922 56
2924 2464
2925 2922
2926 2901
2927 2917
2928 308
2929 2916
2930 2928
2932 2931
2933 2916
2934 2916
2935 2459
2936 1753
2940 2663
2942 1457
2944 2921
2945 884
2946 1999
2948 2907
2951 115
2952 754
2953 2940
2954 2940
2955 2953
2956 1394
2957 2925
2958 2956
2960 2927
2961 1071
2962 1919
2963 1035
2964 2954
2965 2963
2966 2954
2967 2010
2968 2914
2969 1033
2970 1116
2971 159
2972 2927
2973 2953
2974 2960
2975 2918
2978 2633
2980 2969
2981 2923
2984 2481
2985 1955
2987 416
2988 2873
2989 2928
2990 2928
2991 1559
2993 2559
2996 2495
2997 2973
2998 2997
2999 824
3000 2931
3001 1734
3002 2827
3004 2961
3005 2960
3006 2860
3007 1554
3009 755
3010 1215
3011 3009
3015 1591
3016 2686
3017 2671
3018 2596
3019 3003
3020 2880
3021 1449
3022 2698
3023 2948
3024 3005
3025 2974
3026 2894
3027 1693
3028 2632
3029 1697
3030 2894
3031 1439
3032 3001
3033 1588
3034 3016
3036 3025
3037 2918
3038 3022
3041 2915
3042 2959
3044 3043
3045 3024
3046 2907
3047 2184
3048 1155
3049 1954
3050 3036
3051 3046
3052 157
3053 1755
3054 74
3055 3054
3057 2565
3058 3047
3060 3002
3061 2436
3063 3012
3064 3040
3065 3043
3066 74
3067 3066
3068 2629
3069 3045
3070 2956
3071 3070
3072 1050
3073 3061
3076 3036
3078 2839
3079 2302
3080 2938
3081 251
3083 2172
3085 1721
3087 2900
3088 2141
3090 2997
3092 3069
3094 3088
3095 38
3096 3087
3100 3099
3101 3060
3102 3090
3104 2684
3105 3090
3107 1217
3109 3033
3110 3069
3111 3095
3113 3106
3114 3070
3115 2920
3116 2141
3117 2615
3118 3060
3119 3066
3121 2761
3122 3106
3123 2755
3124 3047
3125 3099
3127 3099
3128 3107
3129 3110
3130 1840
3133 2707
3134 3110
3135 3082
3138 3070
3139 3124
3140 3114
3142 3129
3144 3090
3145 2149
3146 3133
3147 967
3150 2446
3151 3150
3152 3141
3153 3116
3155 2928
3157 2928
3158 3156
3159 3148
3160 3148
3162 3144
3163 3162
3164 2740
3165 2988
3166 3165
3168 2890
3169 3059
3170 355
3171 3165
3172 2867
3173 2917
3176 3003
3177 3012
3178 3117
3179 3165
3180 3148
3182 364
3183 3170
3184 3144
3187 3180
3189 3139
3191 2700
3192 3118
3193 2721
3194 3167
3195 3078
3196 3140
3197 3099
3198 3191
3199 3191
3200 2917
3201 3162
3203 3079
3204 1297
3205 3106
3206 475
3207 154
3209 3079
3210 3093
3212 3130
3213 3167
3214 2946
3216 3150
3217 2248
3219 607
3220 1074
3221 3167
3222 1616
3223 3162
3224 3223
3225 274
3229 3162
3230 3229
3231 1601
3232 3223
3233 1784
3234 2408
3235 3223
3236 3223
3239 1368
3240 15
3241 3228
3242 2844
3245 2880
3249 607
3250 3041
3251 2828
3254 2815
3255 2149
3256 644
3258 3250
3259 13
3260 1443
3261 660
3262 2372
3263 2386
3264 3243
3265 1837
3266 3180
3267 2390
3269 3211
3271 410
3273 3132
3274 3206
3275 637
3276 49
3278 3232
3279 1964
3280 3271
3281 3275
3282 691
3286 3220
3287 3275
3288 96
3289 3282
3292 2978
3293 2913
3294 2902
3295 2760
3297 3275
3298 1984
3299 3296
3301 3299
3302 2979
3303 3302
3304 3083
3305 2453
3307 3299
3308 1980
3311 2459
3312 2602
3313 2406
3314 2924
3315 3307
3316 3312
3318 3313
3319 3309
3320 3313
3323 483
3324 859
3326 45
3329 3302
3330 3310
3331 3308
3333 3325
3334 17
3335 3052
3337 422
3338 154
3340 3047
3341 2742
3342 3341
3343 3307
3345 2140
3346 2700
3347 3346
3349 3229
3350 3315
3351 3274
3352 3082
3353 3340
3354 3349
3355 3110
3356 3327
3357 3033
3358 3349
3360 3344
3361 3349
3362 2476
3363 3309
3364 967
3366 3345
3367 3327
3369 3292
3370 3320
3371 3365
3372 3357
3374 2604
3375 2073
3377 3324
3379 3364
3380 3364
3381 3009
3382 3341
3384 3383
3385 3302
3387 461
3388 3374
3389 3029
3390 3075
3391 3349
3393 584
3394 1084
3396 3393
3397 2997
3398 2062
3399 3397
3400 3397
3401 2953
3402 3383
3403 3345
3405 3359
3406 3401
3407 3404
3408 2046
3409 2568
3410 3407
3411 2780
3412 3397
3413 2141
3414 3395
3415 3397
3416 3412
3417 3415
3418 2640
3419 2978
3420 3408
3421 3387
3422 3353
3423 2623
3426 489
3429 1174
3432 3412
3433 3430
3436 3416
3437 2801
3440 3432
3441 2224
3442 3364
3443 1933
3444 3363
3445 3427
3446 3027
3447 3392
3448 155
3450 3178
3452 2362
3454 3415
3455 3345
3456 3167
3457 3442
3458 3442
3460 3223
3461 3460
3463 2722
3464 3463
3465 3460
3466 3457
3467 3440
3468 3148
3470 3427
3471 3427
3472 3454
3473 3407
3474 3472
3475 3011
3476 3459
3478 1175
3479 3278
3480 179
3483 3312
3485 3472
3486 368
3487 3472
3488 2302
3489 3462
3490 1343
3491 3452
3493 3442
3494 3493
3495 3232
3497 3495
3498 3482
3499 3234
3500 52
3501 3454
3502 3500
3503 3457
3504 2169
3505 3486
3506 3504
3507 3495
3508 3483
3509 3360
3510 3495
3511 3495
3512 3394
3513 3495
3514 3495
3515 3495
3516 3480
3517 3513
3518 3513
3519 3507
3520 3468
3521 3501
3522 3468
3523 3448
3524 3500
3525 2545
3526 3392
3527 3488
3528 3525
3529 3472
3530 3392
3531 3525
3533 3472
3535 3491
3536 3468
3537 3237
3538 3480
3539 2815
3540 3450
3541 3468
3542 3527
3543 3501
3544 584
3545 3028
3546 3434
3547 3546
3548 3535
3549 2621
3550 971
3551 3219
3553 2862
3554 3550
3555 3554
3556 3555
3557 3535
3558 3551
3559 1404
3560 3507
3561 3555
3562 1224
3563 3555
3564 3555
3565 3555
3567 3499
3568 3493
3570 3537
3571 3568
3573 3555
3574 3249
3580 1926
3581 390
3584 3285
3585 664
3587 2853
3588 3493
3591 2902
3592 3581
3593 664
3595 3435
3596 3595
3597 3381
3598 3586
3599 2961
3600 2913
3601 2470
3602 709
3604 3501
3606 1495
3607 3305
3610 2903
3611 2935
3613 3612
3615 704
3616 1009
3619 2967
3620 2902
3621 652
3622 78
3623 2184
3624 3047
3626 3623
3627 3108
3628 1958
3629 642
3631 3623
3632 296
3633 3606
3634 3621
3635 3622
3636 721
3637 3628
3638 2953
3640 3638
3641 1532
3642 3632
3646 3638
3647 3638
3648 3645
3650 3346
3651 3646
3653 3091
3654 3033
3656 3643
3657 2406
3658 3220
3659 3650
3660 3507
3661 3660
3662 3623
3663 2970
3664 3607
3665 3616
3666 3641
3667 3623
3668 3639
3669 3421
3670 3597
3674 736
3675 3545
3677 1584
3678 3653
3679 3673
3680 3595
3681 3669
3682 3677
3684 3657
3685 3027
3686 3627
3687 3413
3689 3683
3691 3568
3692 2685
3694 3685
3695 2997
3696 3623
3697 3630
3699 2582
3700 3221
3701 2999
3702 3075
3704 3690
3705 3694
3707 3700
3708 3686
3709 3683
3710 3683
3712 2801
3713 3628
3714 3683
3715 3066
3716 3714
3717 3658
3719 3718
3721 3691
3722 3672
3724 3723
3728 3695
3729 3654
3730 3728
3731 3117
3733 3718
3734 3701
3737 3722
3738 3695
3742 3630
3743 3654
3744 3682
3745 3740
3746 667
3749 2498
3750 3679
3751 2178
3752 3749
3753 1377
3754 3746
3755 3089
3756 2319
3758 3723
3759 3697
3760 3731
3761 3173
3762 2713
3763 3759
3764 3726
3765 3535
3766 3721
3767 3599
3768 1459
3769 3690
3770 3723
3772 3721
3773 378
3775 3697
3776 78
3777 3757
3778 3776
3779 3683
3780 3773
3781 3569
3783 3749
3784 3749
3786 2770
3787 1810
3788 3771
3789 3765
3791 3735
3792 2787
3794 3766
3795 2891
3796 1815
3797 3778
3798 831
3799 3766
3801 3798
3802 3721
3803 2807
3805 1502
3806 1450
3808 3551
3811 3810
3814 3251
3815 2821
3816 2498
3817 3816
3818 2844
3819 2376
3821 3747
3822 3249
3823 2353
3824 949
3826 1554
3827 644
3828 3824
3829 730
3830 2821
3833 3816
3834 3816
3835 2761
3836 973
3837 3584
3839 1960
3840 673
3845 3691
3848 966
3849 2971
3851 3840
3852 2819
3854 3789
3855 3815
3856 3853
3857 1387
3858 3856
3859 3017
3860 3816
3862 3435
3864 3009
3865 1144
3866 3021
3867 1084
3868 3864
3870 3129
3871 2902
3872 3839
3873 3663
3874 3856
3875 3856
3876 2353
3878 3862
3879 3855
3880 3276
3881 1080
3882 2991
3883 3837
3884 3870
3885 1993
3888 3883
3889 2962
3890 149
3892 3655
3894 121
3895 3619
3896 26
3898 3889
3899 3823
3900 3647
3901 2004
3902 1364
3903 3849
3904 3900
3906 2568
3907 3906
3908 3904
3909 3908
3912 3904
3913 3884
3914 2685
3917 1023
3918 3892
3919 3879
3920 2400
3921 3920
3922 3915
3923 3914
3927 3925
3928 2953
3929 1558
3930 1800
3931 3906
3932 3649
3933 3903
3935 3933
3936 3928
3938 3863
3939 2184
3940 3467
3941 3790
3942 3940
3943 3942
3944 3940
3945 3900
3947 3945
3949 3555
3950 3949
3951 3933
3952 1558
3954 3940
3955 3930
3957 3954
3958 3755
3959 3944
3960 3954
3961 1505
3962 3957
3963 3756
3964 3942
3966 3962
3967 3964
3968 1152
3969 3098
3970 2863
3971 3960
3972 3615
3973 3929
3974 3959
3976 3957
3977 3962
3978 3962
3979 3930
3980 1098
3981 1140
3983 3900
3984 2471
3985 932
3986 3962
3987 3962
3989 52
3993 2881
3994 3478
3995 199
3996 3947
3997 3949
3998 469
3999 3385
4001 3976
4002 3902
4003 3081
4004 3989
4005 4001
4006 3961
4008 3846
4010 3419
4012 3009
4013 2229
4014 1174
4015 3989
4016 3668
4017 3993
4018 3974
4019 3933
4021 4020
4022 3914
4023 3862
4025 4012
4026 219
4027 3932
4030 4010
4031 3976
4032 4003
4033 3939
4034 3820
4035 1600
4036 3776
4037 3825
4038 3793
4039 3395
4040 3960
4043 4028
4044 3901
4045 3992
4046 4028
4047 1136
4048 4018
4049 3869
4050 4007
4051 4048
4053 4018
4055 4054
4056 3951
4058 822
4059 3981
4060 3117
4061 4054
4062 4048
4063 4054
4064 2947
4065 4020
4066 4020
4067 3989
4070 2471
4071 4058
4072 3066
4073 3963
4074 4057
4075 4038
4076 3971
4077 4048
4078 3946
4080 3939
4082 732
4083 3917
4085 4082
4086 3924
4087 3981
4088 3673
4090 1709
4091 4029
4092 4090
4093 3903
4094 4001
4095 2155
4097 4084
4098 3916
4099 4007
4102 3614
4103 3754
4105 4080
4107 4024
4108 3465
4109 3993
4110 4053
4111 4108
4112 4003
4114 4106
4116 4048
4117 4036
4119 4070
4120 4048
4121 3941
4123 4122
4125 4124
4126 4103
4127 2633
4128 4117
4129 2568
4132 4093
4133 1098
4134 3958
4135 4067
4136 3117
4137 4039
4138 3185
4139 4094
4140 4108
4141 4140
4142 4080
4143 4054
4144 4054
4146 4048
4147 3981
4148 4048
4149 4080
4150 4049
4151 2062
4153 3946
4154 3650
4155 4124
4156 4154
4157 4020
4158 4140
4159 4140
4162 3676
4164 4094
4165 4104
4166 3971
4167 1721
4168 1790
4169 3942
4170 3478
4171 4170
4173 4018
4175 4117
4176 4170
4178 4039
4179 2675
4180 1183
4181 4176
4182 4177
4183 3568
4185 4113
4186 994
4187 4176
4188 3786
4190 4175
4192 4093
4193 4155
4194 4169
4195 4166
4196 2512
4197 2391
4199 4196
4201 3191
4202 3706
4203 1831
4204 4140
4205 4196
4206 4145
4207 4176
4208 2265
4209 4198
4210 1887
4211 1213
4212 4088
4213 1297
4214 1217
4215 4174
4218 4166
4219 2824
4220 4180
4222 4073
4223 576
4224 4221
4226 1042
4227 2326
4228 4154
4229 1960
4230 4132
4232 3673
4236 4169
4237 4169
4238 831
4240 1024
4241 2973
4242 2143
4244 3251
4245 115
4246 2292
4248 4241
4250 4241
4251 2342
4256 3062
4257 3490
4258 1800
4259 2140
4262 3976
4263 1777
4264 3262
4266 1774
4267 3601
4268 4242
4269 3088
4272 923
4274 3837
4275 4273
4276 4274
4277 4155
4280 4274
4284 2761
4286 3604
4287 4154
4289 4262
4290 3107
4292 3959
4294 4072
4296 4234
4297 4295
4298 4210
4299 4211
4300 4267
4301 1429
4302 1900
4303 4166
4304 3537
4305 4272
4306 4280
4307 4275
4308 1218
4310 3881
4311 1504
4312 4310
4315 1917
4316 3326
4317 4305
4319 4082
4320 4319
4321 4286
4322 4119
4323 4286
4324 3594
4325 4287
4326 4229
4327 4287
4328 3880
4329 4295
4330 642
4332 4305
4333 3914
4335 89
4336 2406
4337 4121
4338 4311
4339 1009
4340 4339
4341 1560
4342 4341
4343 4274
4344 4343
4347 4345
4349 1476
4351 2970
4353 4337
4354 4273
4355 2184
4357 4322
4358 3975
4359 146
4360 4349
4361 4253
4362 586
4363 4362
4364 4362
4365 2730
4366 2175
4367 95
4368 1485
4369 4289
4371 4365
4372 4343
4373 1703
4374 3147
4375 4289
4376 4375
4378 4208
4379 1950
4380 4379
4381 730
4382 3647
4383 3890
4384 3975
4385 4337
4386 4094
4387 4027
4388 3929
4389 2984
4390 3062
4392 3894
4393 1531
4395 108
4396 4382
4398 4382
4403 1800
4405 4404
4406 4397
4407 236
4409 4388
4410 4390
4411 3911
4412 255
4413 4355
4414 4400
4416 4415
4418 747
4419 2799
4420 4385
4422 3788
4425 2659
4429 3944
4430 4420
4433 4413
4435 4387
4436 1853
4437 4098
4440 3669
4441 2991
4442 356
4444 1244
4447 4382
4448 4374
4449 4401
4451 3971
4453 2455
4454 1244
4455 997
4456 3243
4457 4430
4459 4232
4460 4422
4461 4421
4462 4400
4463 2443
4465 1930
4466 4345
4468 4345
4469 4026
4470 4449
4471 4431
4474 2136
4477 4293
4478 327
4482 4437
4483 4455
4484 4465
4485 3660
4486 1958
4487 4436
4488 308
4489 4132
4491 967
4494 4145
4495 4486
4497 308
4498 4463
4499 3678
4500 3931
4501 4500
4502 4487
